# JRE version: OpenJDK Runtime Environment Temurin-17.0.5+8 (17.0.5+8) (build 17.0.5+8)
# Java VM: OpenJDK 64-Bit Server VM Temurin-17.0.5+8 (17.0.5+8, mixed mode, tiered, compressed oops, compressed class ptrs, g1 gc, windows-amd64)
GC Precious Log:
 CPUs: 8 total, 8 available
 Memory: 8083M
 Large Page Support: Disabled
 NUMA Support: Disabled
 Compressed Oops: Enabled (32-bit)
 Heap Region Size: 1M
 Heap Min Capacity: 8M
 Heap Initial Capacity: 128M
 Heap Max Capacity: 2022M
 Pre-touch: Disabled
 Parallel Workers: 8
 Concurrent Workers: 2
 Concurrent Refinement Workers: 8
 Periodic GC: Disabled
Heap:
 garbage-first heap   total 76800K, used 46238K [0x0000000081a00000, 0x0000000100000000)
  region size 1024K, 1 young (1024K), 1 survivors (1024K)
 Metaspace       used 64417K, committed 65024K, reserved 1105920K
  class space    used 8569K, committed 8896K, reserved 1048576K
GC Heap History (20 events):
Event: 30.701 GC heap after
{Heap after GC invocations=33 (full 0):
 garbage-first heap   total 46080K, used 25939K [0x0000000081a00000, 0x0000000100000000)
  region size 1024K, 2 young (2048K), 2 survivors (2048K)
 Metaspace       used 60338K, committed 60800K, reserved 1105920K
  class space    used 8021K, committed 8256K, reserved 1048576K
}
Event: 31.599 GC heap before
{Heap before GC invocations=33 (full 0):
 garbage-first heap   total 46080K, used 37203K [0x0000000081a00000, 0x0000000100000000)
  region size 1024K, 13 young (13312K), 2 survivors (2048K)
 Metaspace       used 61235K, committed 61824K, reserved 1105920K
  class space    used 8182K, committed 8448K, reserved 1048576K
}
Event: 31.603 GC heap after
{Heap after GC invocations=34 (full 0):
 garbage-first heap   total 46080K, used 26517K [0x0000000081a00000, 0x0000000100000000)
  region size 1024K, 2 young (2048K), 2 survivors (2048K)
 Metaspace       used 61235K, committed 61824K, reserved 1105920K
  class space    used 8182K, committed 8448K, reserved 1048576K
}
Event: 32.821 GC heap before
{Heap before GC invocations=35 (full 0):
 garbage-first heap   total 51200K, used 37781K [0x0000000081a00000, 0x0000000100000000)
  region size 1024K, 13 young (13312K), 2 survivors (2048K)
 Metaspace       used 61918K, committed 62400K, reserved 1105920K
  class space    used 8282K, committed 8512K, reserved 1048576K
}
Event: 32.829 GC heap after
{Heap after GC invocations=36 (full 0):
 garbage-first heap   total 51200K, used 27134K [0x0000000081a00000, 0x0000000100000000)
  region size 1024K, 2 young (2048K), 2 survivors (2048K)
 Metaspace       used 61918K, committed 62400K, reserved 1105920K
  class space    used 8282K, committed 8512K, reserved 1048576K
}
Event: 34.230 GC heap before
{Heap before GC invocations=36 (full 0):
 garbage-first heap   total 51200K, used 40446K [0x0000000081a00000, 0x0000000100000000)
  region size 1024K, 16 young (16384K), 2 survivors (2048K)
 Metaspace       used 63900K, committed 64384K, reserved 1105920K
  class space    used 8534K, committed 8768K, reserved 1048576K
}
Event: 34.236 GC heap after
{Heap after GC invocations=37 (full 0):
 garbage-first heap   total 51200K, used 28413K [0x0000000081a00000, 0x0000000100000000)
  region size 1024K, 2 young (2048K), 2 survivors (2048K)
 Metaspace       used 63900K, committed 64384K, reserved 1105920K
  class space    used 8534K, committed 8768K, reserved 1048576K
}
Event: 34.707 GC heap before
{Heap before GC invocations=38 (full 0):
 garbage-first heap   total 51200K, used 42749K [0x0000000081a00000, 0x0000000100000000)
  region size 1024K, 16 young (16384K), 2 survivors (2048K)
 Metaspace       used 64201K, committed 64768K, reserved 1105920K
  class space    used 8555K, committed 8832K, reserved 1048576K
}
Event: 34.717 GC heap after
{Heap after GC invocations=39 (full 0):
 garbage-first heap   total 51200K, used 30970K [0x0000000081a00000, 0x0000000100000000)
  region size 1024K, 2 young (2048K), 2 survivors (2048K)
 Metaspace       used 64201K, committed 64768K, reserved 1105920K
  class space    used 8555K, committed 8832K, reserved 1048576K
}
Event: 34.772 GC heap before
{Heap before GC invocations=39 (full 0):
 garbage-first heap   total 51200K, used 36090K [0x0000000081a00000, 0x0000000100000000)
  region size 1024K, 9 young (9216K), 2 survivors (2048K)
 Metaspace       used 64203K, committed 64768K, reserved 1105920K
  class space    used 8555K, committed 8832K, reserved 1048576K
}
Event: 34.777 GC heap after
{Heap after GC invocations=40 (full 0):
 garbage-first heap   total 51200K, used 32697K [0x0000000081a00000, 0x0000000100000000)
  region size 1024K, 2 young (2048K), 2 survivors (2048K)
 Metaspace       used 64203K, committed 64768K, reserved 1105920K
  class space    used 8555K, committed 8832K, reserved 1048576K
}
Event: 34.966 GC heap before
{Heap before GC invocations=41 (full 0):
 garbage-first heap   total 61440K, used 40889K [0x0000000081a00000, 0x0000000100000000)
  region size 1024K, 10 young (10240K), 2 survivors (2048K)
 Metaspace       used 64217K, committed 64768K, reserved 1105920K
  class space    used 8555K, committed 8832K, reserved 1048576K
}
Event: 34.970 GC heap after
{Heap after GC invocations=42 (full 0):
 garbage-first heap   total 61440K, used 35390K [0x0000000081a00000, 0x0000000100000000)
  region size 1024K, 2 young (2048K), 2 survivors (2048K)
 Metaspace       used 64217K, committed 64768K, reserved 1105920K
  class space    used 8555K, committed 8832K, reserved 1048576K
}
Event: 35.440 GC heap before
{Heap before GC invocations=42 (full 0):
 garbage-first heap   total 61440K, used 47678K [0x0000000081a00000, 0x0000000100000000)
  region size 1024K, 15 young (15360K), 2 survivors (2048K)
 Metaspace       used 64377K, committed 64960K, reserved 1105920K
  class space    used 8569K, committed 8896K, reserved 1048576K
}
Event: 35.448 GC heap after
{Heap after GC invocations=43 (full 0):
 garbage-first heap   total 61440K, used 39763K [0x0000000081a00000, 0x0000000100000000)
  region size 1024K, 2 young (2048K), 2 survivors (2048K)
 Metaspace       used 64377K, committed 64960K, reserved 1105920K
  class space    used 8569K, committed 8896K, reserved 1048576K
}
Event: 35.554 GC heap before
{Heap before GC invocations=43 (full 0):
 garbage-first heap   total 76800K, used 47955K [0x0000000081a00000, 0x0000000100000000)
  region size 1024K, 10 young (10240K), 2 survivors (2048K)
 Metaspace       used 64412K, committed 65024K, reserved 1105920K
  class space    used 8569K, committed 8896K, reserved 1048576K
}
Event: 35.559 GC heap after
{Heap after GC invocations=44 (full 0):
 garbage-first heap   total 76800K, used 42144K [0x0000000081a00000, 0x0000000100000000)
  region size 1024K, 2 young (2048K), 2 survivors (2048K)
 Metaspace       used 64412K, committed 65024K, reserved 1105920K
  class space    used 8569K, committed 8896K, reserved 1048576K
}
Event: 35.643 GC heap before
{Heap before GC invocations=45 (full 0):
 garbage-first heap   total 76800K, used 57504K [0x0000000081a00000, 0x0000000100000000)
  region size 1024K, 17 young (17408K), 2 survivors (2048K)
 Metaspace       used 64417K, committed 65024K, reserved 1105920K
  class space    used 8569K, committed 8896K, reserved 1048576K
}
Event: 35.648 GC heap after
{Heap after GC invocations=46 (full 0):
 garbage-first heap   total 76800K, used 46080K [0x0000000081a00000, 0x0000000100000000)
  region size 1024K, 3 young (3072K), 3 survivors (3072K)
 Metaspace       used 64417K, committed 65024K, reserved 1105920K
  class space    used 8569K, committed 8896K, reserved 1048576K
}
Event: 35.650 GC heap before
{Heap before GC invocations=46 (full 0):
 garbage-first heap   total 76800K, used 47104K [0x0000000081a00000, 0x0000000100000000)
  region size 1024K, 4 young (4096K), 3 survivors (3072K)
 Metaspace       used 64417K, committed 65024K, reserved 1105920K
  class space    used 8569K, committed 8896K, reserved 1048576K
}

