# JRE version: OpenJDK Runtime Environment Temurin-17.0.5+8 (17.0.5+8) (build 17.0.5+8)
# Java VM: OpenJDK 64-Bit Server VM Temurin-17.0.5+8 (17.0.5+8, mixed mode, tiered, compressed oops, compressed class ptrs, g1 gc, windows-amd64)
GC Precious Log:
 CPUs: 8 total, 8 available
 Memory: 8083M
 Large Page Support: Disabled
 NUMA Support: Disabled
 Compressed Oops: Enabled (32-bit)
 Heap Region Size: 1M
 Heap Min Capacity: 8M
 Heap Initial Capacity: 128M
 Heap Max Capacity: 2022M
 Pre-touch: Disabled
 Parallel Workers: 8
 Concurrent Workers: 2
 Concurrent Refinement Workers: 8
 Periodic GC: Disabled
Heap:
 garbage-first heap   total 57344K, used 34983K [0x0000000081a00000, 0x0000000100000000)
  region size 1024K, 17 young (17408K), 3 survivors (3072K)
 Metaspace       used 53454K, committed 53952K, reserved 1097728K
  class space    used 6973K, committed 7232K, reserved 1048576K
GC Heap History (20 events):
Event: 4.003 GC heap before
{Heap before GC invocations=2 (full 0):
 garbage-first heap   total 131072K, used 16294K [0x0000000081a00000, 0x0000000100000000)
  region size 1024K, 11 young (11264K), 2 survivors (2048K)
 Metaspace       used 21287K, committed 21504K, reserved 1073152K
  class space    used 2462K, committed 2560K, reserved 1048576K
}
Event: 4.006 GC heap after
{Heap after GC invocations=3 (full 0):
 garbage-first heap   total 131072K, used 9543K [0x0000000081a00000, 0x0000000100000000)
  region size 1024K, 2 young (2048K), 2 survivors (2048K)
 Metaspace       used 21287K, committed 21504K, reserved 1073152K
  class space    used 2462K, committed 2560K, reserved 1048576K
}
Event: 4.914 GC heap before
{Heap before GC invocations=4 (full 0):
 garbage-first heap   total 37888K, used 26951K [0x0000000081a00000, 0x0000000100000000)
  region size 1024K, 21 young (21504K), 2 survivors (2048K)
 Metaspace       used 25992K, committed 26240K, reserved 1073152K
  class space    used 3074K, committed 3200K, reserved 1048576K
}
Event: 4.928 GC heap after
{Heap after GC invocations=5 (full 0):
 garbage-first heap   total 37888K, used 10942K [0x0000000081a00000, 0x0000000100000000)
  region size 1024K, 4 young (4096K), 4 survivors (4096K)
 Metaspace       used 25992K, committed 26240K, reserved 1073152K
  class space    used 3074K, committed 3200K, reserved 1048576K
}
Event: 4.995 GC heap before
{Heap before GC invocations=5 (full 0):
 garbage-first heap   total 37888K, used 10942K [0x0000000081a00000, 0x0000000100000000)
  region size 1024K, 5 young (5120K), 4 survivors (4096K)
 Metaspace       used 26113K, committed 26432K, reserved 1073152K
  class space    used 3093K, committed 3200K, reserved 1048576K
}
Event: 5.007 GC heap after
{Heap after GC invocations=6 (full 0):
 garbage-first heap   total 37888K, used 11112K [0x0000000081a00000, 0x0000000100000000)
  region size 1024K, 1 young (1024K), 1 survivors (1024K)
 Metaspace       used 26113K, committed 26432K, reserved 1073152K
  class space    used 3093K, committed 3200K, reserved 1048576K
}
Event: 5.876 GC heap before
{Heap before GC invocations=6 (full 0):
 garbage-first heap   total 37888K, used 25448K [0x0000000081a00000, 0x0000000100000000)
  region size 1024K, 16 young (16384K), 1 survivors (1024K)
 Metaspace       used 27755K, committed 28032K, reserved 1081344K
  class space    used 3278K, committed 3392K, reserved 1048576K
}
Event: 5.879 GC heap after
{Heap after GC invocations=7 (full 0):
 garbage-first heap   total 57344K, used 12239K [0x0000000081a00000, 0x0000000100000000)
  region size 1024K, 2 young (2048K), 2 survivors (2048K)
 Metaspace       used 27755K, committed 28032K, reserved 1081344K
  class space    used 3278K, committed 3392K, reserved 1048576K
}
Event: 7.468 GC heap before
{Heap before GC invocations=7 (full 0):
 garbage-first heap   total 57344K, used 36815K [0x0000000081a00000, 0x0000000100000000)
  region size 1024K, 27 young (27648K), 2 survivors (2048K)
 Metaspace       used 30059K, committed 30400K, reserved 1081344K
  class space    used 3551K, committed 3712K, reserved 1048576K
}
Event: 7.473 GC heap after
{Heap after GC invocations=8 (full 0):
 garbage-first heap   total 57344K, used 13779K [0x0000000081a00000, 0x0000000100000000)
  region size 1024K, 4 young (4096K), 4 survivors (4096K)
 Metaspace       used 30059K, committed 30400K, reserved 1081344K
  class space    used 3551K, committed 3712K, reserved 1048576K
}
Event: 9.806 GC heap before
{Heap before GC invocations=8 (full 0):
 garbage-first heap   total 57344K, used 39379K [0x0000000081a00000, 0x0000000100000000)
  region size 1024K, 29 young (29696K), 4 survivors (4096K)
 Metaspace       used 32919K, committed 33216K, reserved 1081344K
  class space    used 3996K, committed 4160K, reserved 1048576K
}
Event: 9.815 GC heap after
{Heap after GC invocations=9 (full 0):
 garbage-first heap   total 57344K, used 15753K [0x0000000081a00000, 0x0000000100000000)
  region size 1024K, 4 young (4096K), 4 survivors (4096K)
 Metaspace       used 32919K, committed 33216K, reserved 1081344K
  class space    used 3996K, committed 4160K, reserved 1048576K
}
Event: 11.217 GC heap before
{Heap before GC invocations=9 (full 0):
 garbage-first heap   total 57344K, used 36233K [0x0000000081a00000, 0x0000000100000000)
  region size 1024K, 25 young (25600K), 4 survivors (4096K)
 Metaspace       used 35776K, committed 36160K, reserved 1081344K
  class space    used 4443K, committed 4608K, reserved 1048576K
}
Event: 11.228 GC heap after
{Heap after GC invocations=10 (full 0):
 garbage-first heap   total 57344K, used 17502K [0x0000000081a00000, 0x0000000100000000)
  region size 1024K, 4 young (4096K), 4 survivors (4096K)
 Metaspace       used 35776K, committed 36160K, reserved 1081344K
  class space    used 4443K, committed 4608K, reserved 1048576K
}
Event: 12.389 GC heap before
{Heap before GC invocations=11 (full 0):
 garbage-first heap   total 57344K, used 42078K [0x0000000081a00000, 0x0000000100000000)
  region size 1024K, 28 young (28672K), 4 survivors (4096K)
 Metaspace       used 39466K, committed 39872K, reserved 1089536K
  class space    used 4900K, committed 5120K, reserved 1048576K
}
Event: 12.399 GC heap after
{Heap after GC invocations=12 (full 0):
 garbage-first heap   total 57344K, used 19578K [0x0000000081a00000, 0x0000000100000000)
  region size 1024K, 4 young (4096K), 4 survivors (4096K)
 Metaspace       used 39466K, committed 39872K, reserved 1089536K
  class space    used 4900K, committed 5120K, reserved 1048576K
}
Event: 14.288 GC heap before
{Heap before GC invocations=12 (full 0):
 garbage-first heap   total 57344K, used 42106K [0x0000000081a00000, 0x0000000100000000)
  region size 1024K, 27 young (27648K), 4 survivors (4096K)
 Metaspace       used 44057K, committed 44544K, reserved 1089536K
  class space    used 5481K, committed 5760K, reserved 1048576K
}
Event: 14.297 GC heap after
{Heap after GC invocations=13 (full 0):
 garbage-first heap   total 57344K, used 21564K [0x0000000081a00000, 0x0000000100000000)
  region size 1024K, 4 young (4096K), 4 survivors (4096K)
 Metaspace       used 44057K, committed 44544K, reserved 1089536K
  class space    used 5481K, committed 5760K, reserved 1048576K
}
Event: 15.705 GC heap before
{Heap before GC invocations=13 (full 0):
 garbage-first heap   total 57344K, used 44092K [0x0000000081a00000, 0x0000000100000000)
  region size 1024K, 26 young (26624K), 4 survivors (4096K)
 Metaspace       used 49306K, committed 49728K, reserved 1097728K
  class space    used 6312K, committed 6528K, reserved 1048576K
}
Event: 15.711 GC heap after
{Heap after GC invocations=14 (full 0):
 garbage-first heap   total 57344K, used 22695K [0x0000000081a00000, 0x0000000100000000)
  region size 1024K, 3 young (3072K), 3 survivors (3072K)
 Metaspace       used 49306K, committed 49728K, reserved 1097728K
  class space    used 6312K, committed 6528K, reserved 1048576K
}

